<?xml version="1.0" encoding="UTF-8"?>
<!-- Generated by org.testng.reporters.JUnitXMLReporter -->
<testsuite ignored="1" hostname="SAK-LAPPDC262" failures="0" tests="6" name="SauceDemo Edge Test" time="0.149" errors="0" timestamp="2024-11-06T14:53:34 IST">
  <testcase classname="com.sauce.functionalities.SauceTestLoginLogout" name="testLogin" time="0.001">
    <skipped/>
  </testcase> <!-- testLogin -->
  <testcase classname="com.sauce.functionalities.SauceTestAddToCart" name="addCartFunctionality" time="0.0">
    <skipped/>
  </testcase> <!-- addCartFunctionality -->
  <testcase classname="com.sauce.functionalities.SauceTestAddToCart" name="continueShopping" time="0.0">
    <skipped/>
  </testcase> <!-- continueShopping -->
  <testcase classname="com.sauce.functionalities.SauceTestCheckout" name="doCheckout" time="0.0">
    <skipped/>
  </testcase> <!-- doCheckout -->
  <testcase classname="com.sauce.functionalities.SauceTestCheckout" name="finishOrCancelCheckout" time="0.001">
    <skipped/>
  </testcase> <!-- finishOrCancelCheckout -->
  <testcase classname="com.sauce.functionalities.SauceTestLoginLogout" name="testLogout" time="0.0">
    <skipped/>
  </testcase> <!-- testLogout -->
  <testcase classname="com.sauce.common.SauceBase" name="@BeforeSuite DriverManager" time="0.0">
    <ignored/>
  </testcase> <!-- @BeforeSuite DriverManager -->
</testsuite> <!-- SauceDemo Edge Test -->
