<?xml version="1.0" encoding="UTF-8"?>
<!-- Generated by org.testng.reporters.JUnitXMLReporter -->
<testsuite ignored="1" hostname="SAK-LAPPDC262" failures="0" tests="6" name="SauceDemo Firefox Test" time="0.129" errors="0" timestamp="2024-11-06T14:53:34 IST">
  <testcase classname="com.sauce.common.SauceBase" name="@BeforeSuite DriverManager" time="-1.730885014594E9">
    <failure type="org.testng.TestNGException" message="
Parameter &amp;apos;browser&amp;apos; is required by BeforeSuite on method DriverManager but has not been marked @Optional or defined
in C:\Users\Shivkumar.K\Selenium-Workspace\SauceDemoParallel\testng.xml">
      <![CDATA[org.testng.TestNGException: 
Parameter 'browser' is required by BeforeSuite on method DriverManager but has not been marked @Optional or defined
in C:\Users\Shivkumar.K\Selenium-Workspace\SauceDemoParallel\testng.xml
... Removed 16 stack frames]]>
    </failure>
  </testcase> <!-- @BeforeSuite DriverManager -->
  <testcase classname="com.sauce.functionalities.SauceTestLoginLogout" name="testLogin" time="0.001">
    <skipped/>
  </testcase> <!-- testLogin -->
  <testcase classname="com.sauce.functionalities.SauceTestAddToCart" name="addCartFunctionality" time="0.003">
    <skipped/>
  </testcase> <!-- addCartFunctionality -->
  <testcase classname="com.sauce.functionalities.SauceTestAddToCart" name="continueShopping" time="0.0">
    <skipped/>
  </testcase> <!-- continueShopping -->
  <testcase classname="com.sauce.functionalities.SauceTestCheckout" name="doCheckout" time="0.0">
    <skipped/>
  </testcase> <!-- doCheckout -->
  <testcase classname="com.sauce.functionalities.SauceTestCheckout" name="finishOrCancelCheckout" time="0.0">
    <skipped/>
  </testcase> <!-- finishOrCancelCheckout -->
  <testcase classname="com.sauce.functionalities.SauceTestLoginLogout" name="testLogout" time="0.0">
    <skipped/>
  </testcase> <!-- testLogout -->
  <testcase classname="com.sauce.common.SauceBase" name="@BeforeSuite DriverManager" time="0.0">
    <ignored/>
  </testcase> <!-- @BeforeSuite DriverManager -->
</testsuite> <!-- SauceDemo Firefox Test -->
