<?xml version="1.0" encoding="UTF-8"?>
<!-- Generated by org.testng.reporters.JUnitXMLReporter -->
<testsuite ignored="2" hostname="SAK-LAPPDC262" failures="0" tests="6" name="Sauce Firefox Test" time="10.256" errors="0" timestamp="2024-11-07T10:32:52 IST">
  <testcase classname="com.sauce.functionalities.SauceTestLoginLogout" name="testLogin" time="1.108"/>
  <testcase classname="com.sauce.functionalities.SauceTestAddToCart" name="addCartFunctionality" time="0.688"/>
  <testcase classname="com.sauce.functionalities.SauceTestAddToCart" name="continueShopping" time="0.158"/>
  <testcase classname="com.sauce.functionalities.SauceTestCheckout" name="doCheckout" time="0.681"/>
  <testcase classname="com.sauce.functionalities.SauceTestCheckout" name="finishOrCancelCheckout" time="0.154"/>
  <testcase classname="com.sauce.functionalities.SauceTestCheckout" name="testLogout" time="0.462"/>
  <testcase classname="com.sauce.common.SauceBase" name="@BeforeTest setUp" time="0.0">
    <ignored/>
  </testcase> <!-- @BeforeTest setUp -->
  <testcase classname="com.sauce.common.SauceBase" name="@AfterTest tearDown" time="0.0">
    <ignored/>
  </testcase> <!-- @AfterTest tearDown -->
</testsuite> <!-- Sauce Firefox Test -->
