<?xml version="1.0" encoding="UTF-8"?>
<!-- Generated by org.testng.reporters.JUnitXMLReporter -->
<testsuite ignored="1" hostname="SAK-LAPPDC262" failures="0" tests="6" name="Sauce Test" time="2.79" errors="0" timestamp="2024-11-07T09:24:02 IST">
  <testcase classname="com.sauce.functionalities.SauceTestLoginLogout" name="testLogin" time="0.553"/>
  <testcase classname="com.sauce.functionalities.SauceTestAddToCart" name="addCartFunctionality" time="0.669"/>
  <testcase classname="com.sauce.functionalities.SauceTestAddToCart" name="continueShopping" time="0.166"/>
  <testcase classname="com.sauce.functionalities.SauceTestCheckout" name="doCheckout" time="0.651"/>
  <testcase classname="com.sauce.functionalities.SauceTestCheckout" name="finishOrCancelCheckout" time="0.157"/>
  <testcase classname="com.sauce.functionalities.SauceTestCheckout" name="testLogout" time="0.467"/>
  <testcase classname="com.sauce.common.SauceBase" name="@BeforeSuite setUp" time="0.0">
    <ignored/>
  </testcase> <!-- @BeforeSuite setUp -->
</testsuite> <!-- Sauce Test -->
