<?xml version="1.0" encoding="UTF-8"?>
<testng-results ignored="2" total="8" passed="6" failed="0" skipped="0">
  <reporter-output>
    <line>
      <![CDATA[Test started: testLogin]]>
    </line>
    <line>
      <![CDATA[Test passed: testLogin with status: 1]]>
    </line>
    <line>
      <![CDATA[Test started: addCartFunctionality]]>
    </line>
    <line>
      <![CDATA[Test passed: addCartFunctionality with status: 1]]>
    </line>
    <line>
      <![CDATA[Test started: continueShopping]]>
    </line>
    <line>
      <![CDATA[Test passed: continueShopping with status: 1]]>
    </line>
    <line>
      <![CDATA[Test started: doCheckout]]>
    </line>
    <line>
      <![CDATA[Test passed: doCheckout with status: 1]]>
    </line>
    <line>
      <![CDATA[Test started: finishOrCancelCheckout]]>
    </line>
    <line>
      <![CDATA[Test passed: finishOrCancelCheckout with status: 1]]>
    </line>
    <line>
      <![CDATA[Test started: testLogout]]>
    </line>
    <line>
      <![CDATA[Test passed: testLogout with status: 1]]>
    </line>
  </reporter-output>
  <suite started-at="2024-11-07T10:52:39 IST" name="Sauce Test Suite" finished-at="2024-11-07T10:52:46 IST" duration-ms="7183">
    <groups>
    </groups>
    <test started-at="2024-11-07T10:52:39 IST" name="Sauce Chrome Test" finished-at="2024-11-07T10:52:46 IST" duration-ms="7183">
      <class name="com.sauce.functionalities.SauceTestAddToCart">
        <test-method is-config="true" signature="setUp(java.lang.String)[pri:0, instance:com.sauce.functionalities.SauceTestAddToCart@1040be71]" started-at="2024-11-07T10:52:39 IST" name="setUp" finished-at="2024-11-07T10:52:42 IST" duration-ms="2828" status="PASS">
          <params>
            <param index="0">
              <value>
                <![CDATA[chrome]]>
              </value>
            </param>
          </params>
          <reporter-output>
          </reporter-output>
        </test-method> <!-- setUp -->
        <test-method signature="addCartFunctionality()[pri:0, instance:com.sauce.functionalities.SauceTestAddToCart@1040be71]" started-at="2024-11-07T10:52:42 IST" name="addCartFunctionality" finished-at="2024-11-07T10:52:43 IST" depends-on-methods="com.sauce.functionalities.SauceTestLoginLogout.testLogin" duration-ms="705" status="PASS">
          <reporter-output>
            <line>
              <![CDATA[Test started: addCartFunctionality]]>
            </line>
            <line>
              <![CDATA[Test passed: addCartFunctionality with status: 1]]>
            </line>
          </reporter-output>
        </test-method> <!-- addCartFunctionality -->
        <test-method signature="continueShopping()[pri:0, instance:com.sauce.functionalities.SauceTestAddToCart@1040be71]" started-at="2024-11-07T10:52:43 IST" name="continueShopping" finished-at="2024-11-07T10:52:43 IST" depends-on-methods="com.sauce.functionalities.SauceTestAddToCart.addCartFunctionality" duration-ms="167" status="PASS">
          <reporter-output>
            <line>
              <![CDATA[Test started: continueShopping]]>
            </line>
            <line>
              <![CDATA[Test passed: continueShopping with status: 1]]>
            </line>
          </reporter-output>
        </test-method> <!-- continueShopping -->
        <test-method is-config="true" signature="tearDown()[pri:0, instance:com.sauce.functionalities.SauceTestAddToCart@1040be71]" started-at="2024-11-07T10:52:46 IST" name="tearDown" finished-at="2024-11-07T10:52:46 IST" duration-ms="168" status="PASS">
          <reporter-output>
          </reporter-output>
        </test-method> <!-- tearDown -->
      </class> <!-- com.sauce.functionalities.SauceTestAddToCart -->
      <class name="com.sauce.functionalities.SauceTestCheckout">
        <test-method signature="doCheckout(java.lang.String,java.lang.String,java.lang.String)[pri:0, instance:com.sauce.functionalities.SauceTestCheckout@45d84a20]" started-at="2024-11-07T10:52:43 IST" name="doCheckout" finished-at="2024-11-07T10:52:44 IST" depends-on-methods="com.sauce.functionalities.SauceTestAddToCart.continueShopping" duration-ms="573" status="PASS">
          <params>
            <param index="0">
              <value>
                <![CDATA[Shivkumar]]>
              </value>
            </param>
            <param index="1">
              <value>
                <![CDATA[Konnuri]]>
              </value>
            </param>
            <param index="2">
              <value>
                <![CDATA[400708]]>
              </value>
            </param>
          </params>
          <reporter-output>
            <line>
              <![CDATA[Test started: doCheckout]]>
            </line>
            <line>
              <![CDATA[Test passed: doCheckout with status: 1]]>
            </line>
          </reporter-output>
        </test-method> <!-- doCheckout -->
        <test-method signature="finishOrCancelCheckout(java.lang.String)[pri:0, instance:com.sauce.functionalities.SauceTestCheckout@45d84a20]" started-at="2024-11-07T10:52:44 IST" name="finishOrCancelCheckout" finished-at="2024-11-07T10:52:44 IST" depends-on-methods="com.sauce.functionalities.SauceTestCheckout.doCheckout" duration-ms="161" status="PASS">
          <params>
            <param index="0">
              <value>
                <![CDATA[finish]]>
              </value>
            </param>
          </params>
          <reporter-output>
            <line>
              <![CDATA[Test started: finishOrCancelCheckout]]>
            </line>
            <line>
              <![CDATA[Test passed: finishOrCancelCheckout with status: 1]]>
            </line>
          </reporter-output>
        </test-method> <!-- finishOrCancelCheckout -->
        <test-method signature="testLogout()[pri:0, instance:com.sauce.functionalities.SauceTestCheckout@45d84a20]" started-at="2024-11-07T10:52:44 IST" name="testLogout" finished-at="2024-11-07T10:52:46 IST" depends-on-methods="com.sauce.functionalities.SauceTestCheckout.finishOrCancelCheckout" duration-ms="2154" status="PASS">
          <reporter-output>
            <line>
              <![CDATA[Test started: testLogout]]>
            </line>
            <line>
              <![CDATA[Test passed: testLogout with status: 1]]>
            </line>
          </reporter-output>
        </test-method> <!-- testLogout -->
      </class> <!-- com.sauce.functionalities.SauceTestCheckout -->
      <class name="com.sauce.functionalities.SauceTestLoginLogout">
        <test-method signature="testLogin(java.lang.String,java.lang.String)[pri:0, instance:com.sauce.functionalities.SauceTestLoginLogout@28dcca0c]" started-at="2024-11-07T10:52:42 IST" name="testLogin" finished-at="2024-11-07T10:52:42 IST" duration-ms="300" status="PASS">
          <params>
            <param index="0">
              <value>
                <![CDATA[standard_user]]>
              </value>
            </param>
            <param index="1">
              <value>
                <![CDATA[secret_sauce]]>
              </value>
            </param>
          </params>
          <reporter-output>
            <line>
              <![CDATA[Test started: testLogin]]>
            </line>
            <line>
              <![CDATA[Test passed: testLogin with status: 1]]>
            </line>
          </reporter-output>
        </test-method> <!-- testLogin -->
      </class> <!-- com.sauce.functionalities.SauceTestLoginLogout -->
    </test> <!-- Sauce Chrome Test -->
  </suite> <!-- Sauce Test Suite -->
</testng-results>
